unityLibrary/build/intermediates/manifest_merge_blame_file/debug/manifest-merger-blame-debug-report.txt
1<?xml version="1.0" encoding="utf-8"?>
2<manifest xmlns:android="http://schemas.android.com/apk/res/android"
3    xmlns:tools="http://schemas.android.com/tools"
4    package="com.unity3d.player" >
5
6    <uses-sdk
7        android:minSdkVersion="24"
7-->src\main\AndroidManifest.xml
8        android:targetSdkVersion="31" />
8-->src\main\AndroidManifest.xml
9
10    <uses-feature android:glEsVersion="0x00030000" />
10-->src\main\AndroidManifest.xml:6:3-52
10-->src\main\AndroidManifest.xml:6:17-49
11
12    <uses-permission android:name="android.permission.INTERNET" />
12-->src\main\AndroidManifest.xml:8:3-65
12-->src\main\AndroidManifest.xml:8:20-62
13
14    <uses-feature
14-->src\main\AndroidManifest.xml:10:3-12:34
15        android:name="android.hardware.touchscreen"
15-->src\main\AndroidManifest.xml:11:7-50
16        android:required="false" />
16-->src\main\AndroidManifest.xml:12:7-31
17    <uses-feature
17-->src\main\AndroidManifest.xml:13:3-15:34
18        android:name="android.hardware.touchscreen.multitouch"
18-->src\main\AndroidManifest.xml:14:7-61
19        android:required="false" />
19-->src\main\AndroidManifest.xml:15:7-31
20    <uses-feature
20-->src\main\AndroidManifest.xml:16:3-18:34
21        android:name="android.hardware.touchscreen.multitouch.distinct"
21-->src\main\AndroidManifest.xml:17:7-70
22        android:required="false" />
22-->src\main\AndroidManifest.xml:18:7-31
23
24    <uses-permission android:name="android.permission.CAMERA" />
24-->src\main\AndroidManifest.xml:20:3-63
24-->src\main\AndroidManifest.xml:20:20-60
25
26    <uses-feature
26-->src\main\AndroidManifest.xml:22:3-24:33
27        android:name="android.hardware.camera.ar"
27-->src\main\AndroidManifest.xml:23:7-48
28        android:required="true" />
28-->src\main\AndroidManifest.xml:24:7-30
29    <uses-feature
29-->src\main\AndroidManifest.xml:25:3-27:33
30        android:name="com.google.ar.core.depth"
30-->src\main\AndroidManifest.xml:26:7-46
31        android:required="true" />
31-->src\main\AndroidManifest.xml:27:7-30
32
33    <application>
33-->src\main\AndroidManifest.xml:29:3-85:17
34        <activity
34-->src\main\AndroidManifest.xml:30:5-51:16
35            android:name="com.unity3d.player.UnityPlayerActivity"
35-->src\main\AndroidManifest.xml:31:9-44
36            android:configChanges="mcc|mnc|locale|touchscreen|keyboard|keyboardHidden|navigation|orientation|screenLayout|uiMode|screenSize|smallestScreenSize|fontScale|layoutDirection|density"
36-->src\main\AndroidManifest.xml:32:9-190
37            android:exported="true"
37-->src\main\AndroidManifest.xml:33:9-32
38            android:hardwareAccelerated="false"
38-->src\main\AndroidManifest.xml:34:9-44
39            android:launchMode="singleTask"
39-->src\main\AndroidManifest.xml:35:9-40
40            android:resizeableActivity="false"
40-->src\main\AndroidManifest.xml:36:9-43
41            android:screenOrientation="fullSensor"
41-->src\main\AndroidManifest.xml:37:9-47
42            android:theme="@style/UnityThemeSelector" >
42-->src\main\AndroidManifest.xml:38:9-50
43            <intent-filter>
43-->src\main\AndroidManifest.xml:39:7-43:23
44                <action android:name="android.intent.action.MAIN" />
44-->src\main\AndroidManifest.xml:40:9-61
44-->src\main\AndroidManifest.xml:40:17-58
45
46                <category android:name="android.intent.category.LAUNCHER" />
46-->src\main\AndroidManifest.xml:42:9-69
46-->src\main\AndroidManifest.xml:42:19-66
47            </intent-filter>
48
49            <meta-data
49-->src\main\AndroidManifest.xml:45:7-47:34
50                android:name="unityplayer.UnityActivity"
50-->src\main\AndroidManifest.xml:46:11-51
51                android:value="true" />
51-->src\main\AndroidManifest.xml:47:11-31
52            <meta-data
52-->src\main\AndroidManifest.xml:48:7-50:34
53                android:name="android.notch_support"
53-->src\main\AndroidManifest.xml:49:11-47
54                android:value="true" />
54-->src\main\AndroidManifest.xml:50:11-31
55        </activity>
56        <activity android:name="com.unity3d.player.TouchControllActivity" />
56-->src\main\AndroidManifest.xml:53:5-54:58
56-->src\main\AndroidManifest.xml:54:9-46
57
58        <service
58-->src\main\AndroidManifest.xml:55:5-62:15
59            android:name="com.unity3d.player.NotificationListener"
59-->src\main\AndroidManifest.xml:56:9-45
60            android:exported="true"
60-->src\main\AndroidManifest.xml:57:9-32
61            android:permission="android.permission.BIND_NOTIFICATION_LISTENER_SERVICE" >
61-->src\main\AndroidManifest.xml:58:9-83
62            <intent-filter>
62-->src\main\AndroidManifest.xml:59:7-61:23
63                <action android:name="android.service.notification.NotificationListenerService" />
63-->src\main\AndroidManifest.xml:60:9-91
63-->src\main\AndroidManifest.xml:60:17-88
64            </intent-filter>
65        </service>
66
67        <meta-data
67-->src\main\AndroidManifest.xml:64:5-66:29
68            android:name="unity.splash-mode"
68-->src\main\AndroidManifest.xml:65:9-41
69            android:value="0" />
69-->src\main\AndroidManifest.xml:66:9-26
70        <meta-data
70-->src\main\AndroidManifest.xml:67:5-69:32
71            android:name="unity.splash-enable"
71-->src\main\AndroidManifest.xml:68:9-43
72            android:value="True" />
72-->src\main\AndroidManifest.xml:69:9-29
73        <meta-data
73-->src\main\AndroidManifest.xml:70:5-72:33
74            android:name="unity.allow-resizable-window"
74-->src\main\AndroidManifest.xml:71:9-52
75            android:value="False" />
75-->src\main\AndroidManifest.xml:72:9-30
76        <meta-data
76-->src\main\AndroidManifest.xml:73:5-75:46
77            android:name="notch.config"
77-->src\main\AndroidManifest.xml:74:9-36
78            android:value="portrait|landscape" />
78-->src\main\AndroidManifest.xml:75:9-43
79        <meta-data
79-->src\main\AndroidManifest.xml:76:5-78:64
80            android:name="unity.build-id"
80-->src\main\AndroidManifest.xml:77:9-38
81            android:value="774fa5a4-7b11-4b8c-bbeb-c0e9fe4f9137" />
81-->src\main\AndroidManifest.xml:78:9-61
82        <meta-data
82-->src\main\AndroidManifest.xml:79:5-81:32
83            android:name="unityplayer.SkipPermissionsDialog"
83-->src\main\AndroidManifest.xml:80:9-57
84            android:value="true" />
84-->src\main\AndroidManifest.xml:81:9-29
85        <meta-data
85-->src\main\AndroidManifest.xml:82:5-84:36
86            android:name="com.google.ar.core"
86-->src\main\AndroidManifest.xml:83:9-42
87            android:value="required" />
87-->src\main\AndroidManifest.xml:84:9-33
88    </application>
89
90</manifest>